[    0.000000] Initializing cgroup subsys cpuset
[    0.000000] Initializing cgroup subsys cpu
[    0.000000] Initializing cgroup subsys cpuacct
[    0.000000] Linux version 4.4.0-141-generic (buildd@lcy01-amd64-006) (gcc version 5.4.0 20160609 (Ubuntu 5.4.0-6ubuntu1~16.04.10) ) #167-Ubuntu SMP Wed Dec 5 10:40:15 UTC 2018 (Ubuntu 4.4.0-141.167-generic 4.4.162)
[    0.000000] Command line: BOOT_IMAGE=/boot/vmlinuz-4.4.0-141-generic root=LABEL=cloudimg-rootfs ro console=tty1 console=ttyS0
[    0.000000] KERNEL supported cpus:
[    0.000000]   Intel GenuineIntel
[    0.000000]   AMD AuthenticAMD
[    0.000000]   Centaur CentaurHauls
    0.000000] x86/fpu: xstate_offset[2]:  576, xstate_sizes[2]:  256
[    0.000000] x86/fpu: Supporting XSAVE feature 0x01: 'x87 floating point registers'
[    0.000000] x86/fpu: Supporting XSAVE feature 0x02: 'SSE registers'
[    0.000000] x86/fpu: Supporting XSAVE feature 0x04: 'AVX registers'
[    0.000000] x86/fpu: Enabled xstate features 0x7, context size is 832 bytes, using 'standard' format.
[    0.000000] e820: BIOS-provided physical RAM map:
[    0.000000] BIOS-e820: [mem 0x0000000000000000-0x000000000009fbff] usable
[    0.000000] BIOS-e820: [mem 0x000000000009fc00-0x000000000009ffff] reserved
[    0.000000] BIOS-e820: [mem 0x00000000000f0000-0x00000000000fffff] reserved
[    0.000000] BIOS-e820: [mem 0x0000000000100000-0x00000000dffeffff] usable
[    0.000000] BIOS-e820: [mem 0x00000000dfff0000-0x00000000dfffffff] ACPI data
[    0.000000] BIOS-e820: [mem 0x00000000fec00000-0x00000000fec00fff] reserved
[    0.000000] BIOS-e820: [mem 0x00000000fee00000-0x00000000fee00fff] reserved
[    0.000000] BIOS-e820: [mem 0x00000000fffc0000-0x00000000ffffffff] reserved
[    0.000000] BIOS-e820: [mem 0x0000000100000000-0x000000011fffffff] usable
[    0.000000] NX (Execute Disable) protection: active
[    0.000000] SMBIOS 2.5 present.
[    0.000000] Hypervisor detected: KVM
[    0.000000] Kernel/User page tables isolation: disabled
[    0.000000] e820: last_pfn = 0x120000 max_arch_pfn = 0x400000000
[    0.000000] MTRR: Disabled
[    0.000000] x86/PAT: MTRRs disabled, skipping PAT initialization too.
[    0.000000] CPU MTRRs all blank - virtualized system.
[    0.000000] x86/PAT: Configuration [0-7]: WB  WT  UC- UC  WB  WT  UC- UC  
[    0.000000] e820: last_pfn = 0xdfff0 max_arch_pfn = 0x400000000
[    0.000000] found SMP MP-table at [mem 0x0009fff0-0x0009ffff] mapped at [ffff88000009fff0]
[    0.000000] Scanning 1 areas for low memory corruption
[    0.000000] RAMDISK: [mem 0x361ec000-0x370edfff]
[    0.000000] ACPI: Early table checksum verification disabled
[    0.000000] ACPI: RSDP 0x00000000000E0000 000024 (v02 VBOX  )
[    0.000000] ACPI: XSDT 0x00000000DFFF0030 00003C (v01 VBOX   VBOXXSDT 00000001 ASL  00000061)
[    0.000000] ACPI: FACP 0x00000000DFFF00F0 0000F4 (v04 VBOX   VBOXFACP 00000001 ASL  00000061)
[    0.000000] ACPI: DSDT 0x00000000DFFF0470 0021FF (v02 VBOX   VBOXBIOS 00000002 INTL 20100528)
[    0.000000] ACPI: FACS 0x00000000DFFF0200 000040
[    0.000000] ACPI: FACS 0x00000000DFFF0200 000040
[    0.000000] ACPI: APIC 0x00000000DFFF0240 00005C (v02 VBOX   VBOXAPIC 00000001 ASL  00000061)
[    0.000000] ACPI: SSDT 0x00000000DFFF02A0 0001CC (v01 VBOX   VBOXCPUT 00000002 INTL 20100528)
[    0.000000] No NUMA configuration found
[    0.000000] Faking a node at [mem 0x0000000000000000-0x000000011fffffff]
[    0.000000] NDE_DATA(0) allocated [mem 0x11fff7000-0x11fffbfff]
[    0.000000] kvm-clock: Using msrs 4b564d01 and 4b564d00
[    0.000000] kvm-clock: cpu 0, msr 1:1ffef001, primary cpu clock
[    0.000000] kvm-clock: using sched offset of 3739121513 cycles
[    0.000000] clocksource: kvm-clock: mask: 0xffffffffffffffff max_cycles: 0x1cd42e4dffb, max_idle_ns: 881590591483 ns
[    0.000000] Zone ranges:
[    0.000000]   DMA      [mem 0x0000000000001000-0x0000000000ffffff]
[    0.000000]   DMA32    [mem 0x0000000001000000-0x00000000ffffffff]
[    0.000000]   Normal   [mem 0x0000000100000000-0x000000011fffffff]
[    0.000000]   Device   empty
[    0.000000] Movable zone start for each node
[    0.000000] Early memory node ranges
[    0.000000]   node   0: [mem 0x0000000000001000-0x000000000009efff]
[    0.000000]   node   0: [mem 0x0000000000100000-0x00000000dffeffff]
[    0.000000]   node   0: [mem 0x0000000100000000-0x000000011fffffff]
[    0.000000] Initmem setup node 0 [mem 0x0000000000001000-0x000000011fffffff]
[    0.000000] ACPI: PM-Timer IO Port: 0x4008
[    0.000000] IOAPIC[0]: apic_id 2, version 32, address 0xfec00000, GSI 0-23
[    0.000000] ACPI: INT_SRC_OVR (bs 0 bus_irq 0 global_irq 2 dfl dfl)
[    0.000000] ACPI: INT_SRC_OVR (bus 0 bus_irq 9 global_irq 9 low level)
[    0.000000] Using ACPI (MADT) for SMP configuration information
[    0.000000] smpboot: Allowing 2 CPUs, 0 hotplug CPUs
[    0.000000] PM: Registered nosave memory: [mem 0x00000000-0x00000fff]
[    0.000000] PM: Registered nosave memory: [mem 0x0009f000-0x0009ffff]
[    0.000000] PM: Registered nosave memory: [mem 0x000a0000-0x000effff]
[    0.000000] PM: Registered nosave memory: [mem 0x000f0000-0x000fffff]
[    0.000000] PM: Registered nosave memory: [mem 0xdfff0000-0xdfffffff]
[    0.000000] PM: Registered nosave memory: [mem 0xe0000000-0xfebfffff]
[    0.000000] PM: Registered nosave memory: [mem 0xfec00000-0xfec00fff]
[    0.000000] PM: Registered nosave memory: [mem 0xfec01000-0xfedfffff]
[    0.000000] PM: Registered nosave memory: [mem 0xfee00000-0xfee00fff]
[    0.000000] PM: Registered nosave memory: [mem 0xfee01000-0xfffbffff]
[    0.000000] PM: Registered nosave memory: [mem 0xfffc0000-0xffffffff]
[    0.000000] e820: [mem 0xe0000000-0xfebfffff] available for PCI devices
[    0.000000] Booting paravirtualized kernel on KVM
[    0.000000] clocksource: refined-jiffies: mask: 0xffffffff max_cycles: 0xffffffff, max_idle_ns: 7645519600211568 ns
[    0.000000] setup_percpu: NR_CPUS:512 nr_cpumask_bits:512 nr_cpu_ids:2 nr_node_ids:1
[    0.000000] PERCPU: Embedded 34 pages/cpu @ffff88011fc00000 s99608 r8192 d31464 u1048576
[    0.000000] PV qspinlock hash table entries: 256 (order: 0, 4096 bytes)
[    0.000000] Built 1 zonelists in Node order, mobility grouping on.  Total pages: 1032056
[    0.000000] Policy zone: Normal
[    0.000000] Kernel command line: BOOT_IMAGE=/boot/vmlinuz-4.4.0-141-generic root=LABEL=cloudimg-rootfs ro console=tty1 console=ttyS0
[    0.000000] PIID hash table entries: 4096 (order: 3, 32768 bytes)
[    0.000000] Memory: 4027648K/4193848K available (8568K kernel code, 1314K rwdata, 4008K rodata, 1528K init, 1316K bss, 166200K reserved, 0K cma-reserved)
[    0.000000] SLUB: HWalign=64, Order=0-3, MinObjects=0, CPUs=2, Nodes=1
[    0.000000] Hierarchical RCU implementation.
[    0.000000] 	Build-time adjustment of leaf fanout to 64.
[    0.000000] 	RCU restricting CPUs from NR_CPUS=512 to nr_cpu_ids=2.
[    0.000000] RCU: Adjusting geometry for rcu_fanout_leaf=64, nr_cpu_ids=2
[    0.000000] NR_IRQS:33024 nr_irqs:440 16
[    0.000000] Console: colour VGA+ 80x25
[    0.000000] console [tty1] enabled
[    0.000000] console [ttyS0] enabled
[    0.000000] tsc: Detected 3393.662 MHz processor
[    0.000000] tsc: Marking TSC unstable due to TSCs unsynchronized
[    0.004000] Calibrating delay loop (skipped) preset value.. 6787.32 BogoMIPS (lpj=13574648)
[    0.004000] pid_max: default: 32768 minimum: 301
[    0.004000] ACPI: Core revision 20150930
[    0.004000] ACPI: 2 ACPI AML tables successfully acquired and loaded
[    0.004509] Security Framework initialized
[    0.008005] Yama: becoming mindful.
[    0.010005] AppArmor: AppArmor initialized
[    0.016030] Dentry cache hash table entries: 524288 (order: 10, 4194304 bytes)
[    0.028022] Inode-cache hash table entries: 262144 (order: 9, 2097152 bytes)
[    0.032810] Mount-cache hash table entries: 8192 (order: 4, 65536 bytes)
[    0.036014] Mountpoint-cache hash table entries: 8192 (order: 4, 65536 bytes)
[    0.038328] Initializing cgroup subsys io
[    0.040012] Initializing cgroup subsys memory
[    0.041401] Initializing cgroup subsys devices
[    0.044014] Initializing cgroup subsys freezer
[    0.046192] Initializing cgroup subsys net_cls
[    0.047643] Initializing cgroup subsys perf_event
[    0.048012] Initializing cgroup subsys net_prio
[    0.049421] Initializing cgroup subsys hugetlb
[    0.052007] Initializing cgroup subsys pids
[    0.053408] mce: CPU supports 0 MCE banks
[    0.054801] Last level iTLB entries: 4KB 512, 2MB 1024, 4MB 512
[    0.056007] Last level dTLB entries: 4KB 1024, 2MB 1024, 4MB 512, 1GB 0
[    0.057800] Spectre V2 : Spectre mitigation: LFENCE not serializing. Switching to generic retpoline
[    0.060012] Spectre V2 : Mitigation: Full generic retpoline
[    0.064006] Spectre V2 : Spectre v2 mitigation: Speculation control IBPB not-supported IBRS not-supported
[    0.066461] Spectre V2 : Spectre v2 / SpectreRSB mitigation: Filling RSB on context switch
[    0.068010] Speculative Store Bypass: Mitigation: Speculative Store Bypass disabled via prctl and seccomp
[    0.079342] Freeing SMP alternatives memory: 32K
[    0.093601] ftrace: allocating 32291 entries in 127 pages
[    0.116178] smpboot: APIC(0) Converting physical 0 to logical package 0
[    0.118237] smpboot: Max logical packages: 1
[    0.120658] x2apic enabled
[    0.122120] Switched APIC routing to physical x2apic.
[    0.128358] ..TIMER: vector=0x30 apic1=0 pin1=2 apic2=-1 pin2=-1
[    0.136000] APIC calibration not consistent with PM-Timer: 97ms instead of 100ms
[    0.136000] APIC delta adjusted to PM-Timer: 6417482 (6253511)
[    0.136076] smpboot: CPU0: AMD Athlon(tm) X4 750 Quad Core Processor (family: 0x15, model: 0x13, stepping: 0x1)
[    0.139118] Performance Events: Broken PMU hardware detected, using software events only.
[    0.140006] Failed to access perfctr msr (MSR c0010007 is 0)
[    0.141632] KVM setup paravirtual spinlock
[    0.152141] x86: Booting SMP configuration:
[    0.153534] .... node  #0, CPUs:      #1
[    0.004000] kvm-clock: cpu 1, msr 1:1ffef041, secondary cpu clock
[    0.004000] mce: CPU supports 0 MCE banks
[    0.165681] x86: Booted up 1 node, 2 CPUs
[    0.168014] smpboot: Total of 2 processors activated (13574.64 BogoMIPS)
[    0.170537] devtmpfs: initialized
[    0.174601] evm: security.selinux
[    0.176000] evm: security.SMACK64
[    0.176012] evm: security.SMACK64EXEC
[    0.177247] evm: security.SMACK64TRANSMUTE
[    0.180025] evm: security.SMACK64MMAP
[    0.181338] evm: security.ima
[    0.182287] evm: security.capability
[    0.184383] clocksource: jiffies: mask: 0xffffffff max_cycles: 0xffffffff, max_idle_ns: 7645041785100000 ns
[    0.188061] futex hash table entries: 512 (order: 3, 32768 bytes)
[    0.189951] pinctrl core: initialized pinctrl subsystem
[    0.189951] RTC time:  2:18:57, date: 01/15/19
[    0.192321] NET: Registered protocol family 16
[    0.208039] cpuidle: using governor ladder
[    0.220035] cpuidle: using governor menu
[    0.223572] PCCT header not found.
[    0.224434] ACPI: bus type PCI registered
[    0.225912] acpiphp: ACPI Hot Plug PCI Controller Driver version: 0.5
[    0.228189] PCI: Using configuration type 1 for base access
[    0.232014] PCI: Using configuration type 1 for extended access
[    0.252225] ACPI: Added _OSI(Module Device)
[    0.253659] ACPI: Added _OSI(Processor Device)
[    0.255354] ACPI: Added _OSI(3.0 _SCP Extensions)
[    0.260021] ACPI: Added _OSI(Processor Aggregator Device)
[    0.264613] ACPI: Executed 1 blocks of module-level executable AML code
[    0.269860] ACPI: Interpreter enabled
[    0.272021] ACPI: (supports S0 S5)
[    0.273603] ACPI: Using IOAPIC for interrupt routing
[    0.284246] PCI: Using host bridge windows from ACPI; if necessary, use "pci=nocrs" and report a bug
[    0.296056] ACPI: PCI Root Bridge [PCI0] (domain 0000 [bus 00-ff])
[    0.297912] acpi PNP0A03:00: _OSC: OS supports [ExtendedConfig ASPM ClockPM Segments MSI]
[    0.300069] acpi PNP0A03:00: _OSC: OS now controls [PCIeHotplug PME AER PCIeCapability]
[    0.304615] PCI host bridge to bus 0000:00
[    0.316017] pci_bus 0000:00: root bus resource [io  0x0000-0x0cf7 window]
[    0.316017] pci_bus 0000:00: root bus resource [io  0x0d00-0xffff window]
[    0.318033] pci_bus 0000:00: root bus resource [mem 0x000a0000-0x000bffff window]
[    0.324006] pci_bus 0000:00: root bus resource [mem 0xe0000000-0xfdffffff window]
[    0.326146] pci_bus 0000:00: root bus resource [bus 00-ff]
[    0.332405] pci 0000:00:01.1: legacy IDE quirk: reg 0x10: [io  0x01f0-0x01f7]
[    0.335202] pci 0000:00:01.1: legacy IDE quirk: reg 0x14: [io  0x03f6]
[    0.336006] pci 0000:00:01.1: legacy IDE quirk: reg 0x18: [io  0x0170-0x0177]
[    0.337871] pci 0000:00:01.1: legacy IDE quirk: reg 0x1c: [io  0x0376]
[    0.389638] pci 0000:00:07.0: quirk: [io  0x4000-0x403f] claimed by PIIX4 ACPI
[    0.392037] pci 0000:00:07.0: quirk: [io  0x4100-0x410f] claimed by PIIX4 SMB
[    0.437114] ACPI: PCI Interrupt Link [LNKA] (IRQs 5 9 10 *11)
[    0.444096] ACPI: PCI Interrupt Link [LNKB] (IRQs 5 9 *10 11)
[    0.453024] ACPI: PCI Interrupt Link [LNKC] (IRQs 5 *9 10 11)
[    0.457322] ACPI: PCI Interrupt Link [LNKD] (IRQs 5 9 10 *11)
[    0.464343] ACPI: Enabled 2 GPEs in block 00 to 07
[    0.468236] vgaarb: setting as boot device: PCI:0000:00:02.0
[    0.472000] vgaarb: device added: PCI:0000:00:02.0,decodes=io+mem,owns=io+mem,locks=none
[    0.484026] vgaarb: loaded
[    0.492025] vgaarb: bridge control possible 0000:00:02.0
[    0.496572] SCSI subsystem initialized
[    0.500114] ACPI: bus type USB registered
[    0.501834] usbcore: registered new interface driver usbfs
[    0.512039] usbcore: registered new interface driver hub
[    0.516052] usbcore: registered new device driver usb
[    0.540131] PCI: Using ACPI for IRQ routing
[    0.544339] NetLabel: Initializing
[    0.545524] NetLabel:  domain hash size = 128
[    0.546859] NetLabel:  protocols = UNLABELED CIPSOv4
[    0.548026] NetLabel:  unlabeled traffic allowed by default
[    0.552058] amd_nb: Cannot enumerate AMD northbridges
[    0.556046] clocksource: Switched to clocksource kvm-clock
[    0.598465] AppArmor: AppArmor Filesystem Enabled
[    0.600745] pnp: PnP ACPI init
[    0.604968] pnp: PnP ACPI: found 3 devices
[    0.617166] clocksource: acpi_pm: mask: 0xffffff max_cycles: 0xffffff, max_idle_ns: 2085701024 ns
[    0.619937] NET: Registered protocol family 2
[    0.621677] TCP established hash table entries: 32768 (order: 6, 262144 bytes)
[    0.624412] TCP bind hash table entries: 32768 (order: 7, 524288 bytes)
[    0.640062] TCP: Hash tables configured (established 32768 bind 32768)
[    0.653435] UDP hash table entries: 2048 (order: 4, 65536 bytes)
[    0.655219] UDP-Lite hash table entries: 2048 (order: 4, 65536 bytes)
[    0.657286] NET: Registered protocol family 1
[    0.658557] pci 0000:00:00.0: Limiting direct PCI/PCI transfers
[    0.660318] pci 0000:00:01.0: Activating ISA DMA hang workarounds
[    0.663420] Unpacking initramfs...
[    1.114763] Freeing initrd memory: 15368K
[    1.116438] PCI-DMA: Using software bounce buffering for IO (SWIOTLB)
[    1.118050] software IO TLB [mem 0xdbff0000-0xdfff0000] (64MB) mapped at [ffff8800dbff0000-ffff8800dffeffff]
[    1.128582] clocksource: tsc: mask: 0xffffffffffffffff max_cycles: 0x30eaeb174d9, max_idle_ns: 440795203931 ns
[    1.136841] platform rtc_cmos: registered platform RTC device (no PNP device found)
[    1.136885] Scanning for low memory corruption every 60 seconds
[    1.137331] audit: initializing netlink subsys (disabled)
[    1.137349] audit: type=2000 audit(1547518743.015:1): initialized
[    1.137640] Initialise system trusted keyring
[    1.137906] HugeTLB registered 2 MB page size, pre-allocated 0 pages
[    1.139906] zbud: loaded
[    1.140183] VFS: Disk quotas dquot_6.6.0
[    1.140218] VFS: Dquot-cache hash table entries: 512 (order 0, 4096 bytes)
[    1.140511] squashfs: version 4.0 (2009/01/31) Phillip Lougher
[    1.140871] fuse init (API version 7.23)
[    1.141054] Key type big_key registered
[    1.141070] Allocating IMA MOK and blacklist keyrings.
[    1.141422] Key type asymmetric registered
[    1.141424] Asymmetric key parser 'x509' registered
[    1.141463] Block layer SCSI generic (bsg) driver version 0.4 loaded (major 249)
[    1.141490] io scheduler noop registered
[    1.141492] io scheduler deadline registered (default)
[    1.141524] io scheduler cfq registered
[    1.141723] pci_hotplug: PCI Hot Plug PCI Core version: 0.5
[    1.141731] pciehp: PCI Express Hot Plug Controller Driver version: 0.4
[    1.141912] ACPI: AC Adapter [AC] (on-line)
[    1.141985] input: Power Button as /devices/LNXSYSTM:00/LNXPWRBN:00/input/input0
[    1.141988] ACPI: Power Button [PWRF]
[    1.142084] input: Sleep Button as /devices/LNXSYSTM:00/LNXSLPBN:00/input/input1
[    1.142086] ACPI: Sleep Button [SLPF]
[    1.142282] GHES: HEST is not enabled!
[    1.142386] Serial: 8250/16550 driver, 32 ports, IRQ sharing enabled
[    1.165761] 00:02: ttyS0 at I/O 0x3f8 (irq = 4, base_baud = 115200) is a 16550A
[    1.175071] Linux agpgart interface v0.103
[    1.178626] loop: module loaded
[    1.179319] scsi host0: ata_piix
[    1.179395] scsi host1: ata_piix
[    1.179432] ata1: PATA max UDMA/33 cmd 0x1f0 ctl 0x3f6 bmdma 0xd000 irq 14
[    1.179433] ata2: PATA max UDMA/33 cmd 0x170 ctl 0x376 bmdma 0xd008 irq 15
[    1.179519] libphy: Fixed MDIO Bus: probed
[    1.179521] tun: Universal TUN/TAP device driver, 1.6
[    1.179522] tun: (C) 1999-2004 Max Krasnyansky <maxk@qualcomm.com>
[    1.179559] PPP generic driver version 2.4.2
[    1.179613] ehci_hcd: USB 2.0 'Enhanced' Host Controller (EHCI) Driver
[    1.179616] ehci-pci: EHCI PCI platform driver
[    1.179626] ehci-platform: EHCI generic platform driver
[    1.179635] ohci_hcd: USB 1.1 'Open' Host Controller (OHCI) Driver
[    1.179641] ohci-pci: OHCI PCI platform driver
[    1.179654] ohci-platform: OHCI generic platform driver
[    1.179677] uhci_hcd: USB Universal Host Controller Interface driver
[    1.179761] i8042: PNP: PS/2 Controller [PNP0303:PS2K,PNP0f03:PS2M] at 0x60,0x64 irq 1,12
[    1.181330] serio: i8042 KBD port at 0x60,0x64 irq 1
[    1.181335] serio: i8042 AUX port at 0x60,0x64 irq 12
[    1.181457] mousedev: PS/2 mouse device common for all mice
[    1.181830] rtc_cmos rtc_cmos: rtc core: registered rtc_cmos as rtc0
[    1.181901] rtc_cmos rtc_cmos: alarms up to one day, 114 bytes nvram
[    1.181908] i2c /dev entries driver
[    1.181970] device-mapper: uevent: version 1.0.3
[    1.182027] device-mapper: ioctl: 4.34.0-ioctl (2015-10-28) initialised: dm-devel@redhat.com
[    1.182046] ledtrig-cpu: registered to indicate activity on CPUs
[    1.182350] NET: Registered protocol family 10
[    1.182499] NET: Registered protocol family 17
[    1.182510] Key type dns_resolver registered
[    1.182923] registered taskstats version 1
[    1.182938] Loading compiled-in X.509 certificates
[    1.183890] Loaded X.509 cert 'Build time autogenerated kernel key: 7c9fb337b82e5a343493fe891c556beae1895c7c'
[    1.183930] zswap: loaded using pool lzo/zbud
[    1.185559] Key type trusted registered
[    1.188981] Key type encrypted registered
[    1.188988] AppArmor: AppArmor sha1 policy hashing enabled
[    1.188991] ima: No TPM chip found, activating TPM-bypass!
[    1.188997] ima: Allocated hash algorithm: sha1
[    1.189015] evm: HMAC attrs: 0x1
[    1.189890]   Magic number: 3:575:308
[    1.189911] tty tty37: hash matches
[    1.190150] rtc_cmos rtc_cmos: setting system clock to 2019-01-15 02:18:58 UTC (1547518738)
[    1.190245] BIOS EDD facility v0.16 2004-Jun-25, 0 devices found
[    1.190246] EDD information not available.
[    1.212678] input: AT Translated Set 2 keyboard as /devices/platform/i8042/serio0/input/input2
[    1.546903] Freeing unused kernel memory: 1528K
[    1.564687] Write protecting the kernel read-only data: 14336k
[    1.567128] Freeing unused kernel memory: 1660K
[    1.577657] Freeing unused kernel memory: 88K
Loading, please wait...
starting version 229
[    1.595884] random: systemd-udevd: uninitialized urandom read (16 bytes read, 2 bits of entropy available)
[    1.596674] random: udevadm: uninitialized urandom read (16 bytes read, 2 bits of entropy available)
[    1.596704] random: udevadm: uninitialized urandom read (16 bytes read, 2 bits of entropy available)
[    1.612362] random: systemd-udevd: uninitialized urandom read (16 bytes read, 2 bits of entropy available)
[    1.613114] random: udevadm: uninitialized urandom read (16 bytes read, 2 bits of entropy available)
[    1.613165] random: udevadm: uninitialized urandom read (16 bytes read, 2 bits of entropy available)
[    1.613435] random: udevadm: uninitialized urandom read (16 bytes read, 2 bits of entropy available)
[    1.613525] random: udevadm: uninitialized urandom read (16 bytes read, 2 bits of entropy available)
[    1.613605] random: udevadm: uninitialized urandom read (16 bytes read, 2 bits of entropy available)
[    1.613681] random: udevadm: uninitialized urandom read (16 bytes read, 2 bits of entropy available)
[    1.727993] e1000: Intel(R) PRO/1000 Network Driver - version 7.3.21-k8-NAPI
[    1.750428] e1000: Copyright (c) 1999-2006 Intel Corporation.
[    1.763177] Fusion MPT base driver 3.04.20
[    1.764676] Copyright (c) 1999-2008 LSI Corporation
[    1.793408] AVX version of gcm_enc/dec engaged.
[    1.811489] AES CTR mode by8 optimization enabled
[    1.830399] Fusion MPT SPI Host driver 3.04.20
[    1.839546] mptbase: ioc0: Initiating bringup
[    1.904596] ioc0: LSI53C1030 A0: Capabilities={Initiator}
[    2.044694] input: ImExPS/2 Generic Explorer Mouse as /devices/platform/i8042/serio1/input/input4
[    2.066111] scsi host2: ioc0: LSI53C1030 A0, FwRev=00000000h, Ports=1, MaxQ=256, IRQ=20
[    2.874646] scsi 2:0:0:0: Direct-Access     VBOX     HARDDISK         1.0  PQ: 0 ANSI: 5
[    2.885468] scsi target2:0:0: Beginning Domain Validation
[    2.888972] scsi target2:0:0: Domain Validation skipping write tests
[    2.890925] scsi target2:0:0: Ending Domain Validation
[    2.901687] scsi target2:0:0: asynchronous
[    2.908399] scsi 2:0:1:0: Direct-Access     VBOX     HARDDISK         1.0  PQ: 0 ANSI: 5
[    2.910949] scsi target2:0:1: Beginning Domain Validation
[    2.914321] scsi target2:0:1: Domain Validation skipping write tests
[    2.916677] scsi target2:0:1: Ending Domain Validation
[    2.918628] scsi target2:0:1: asynchronous
[    2.941540] sd 2:0:0:0: Attached scsi generic sg0 type 0
[    2.948839] sd 2:0:0:0: [sda] 20971520 512-byte logical blocks: (10.7 GB/10.0 GiB)
[    2.951636] sd 2:0:0:0: [sda] Write Protect is off
[    2.953375] sd 2:0:0:0: [sda] Incomplete mode parameter data
[    2.955104] sd 2:0:0:0: [sda] Assuming drive cache: write through
[    2.956952] sd 2:0:1:0: [sdb] 20480 512-byte logical blocks: (10.5 MB/10.0 MiB)
[    2.970202] sd 2:0:1:0: Attached scsi generic sg1 type 0
[    2.972859] sd 2:0:1:0: [sdb] Write Protect is off
[    2.980164] sd 2:0:1:0: [sdb] Incomplete mode parameter data
[    2.981888] sd 2:0:1:0: [sdb] Assuming drive cache: write through
[    2.985043]  sda: sda1
[    2.987202] sd 2:0:0:0: [sda] Attached SCSI disk
[    2.991396] sd 2:0:1:0: [sdb] Attached SCSI disk
[    3.840539] e1000 0000:00:03.0 eth0: (PCI:33MHz:32-bit) 02:6c:72:8e:02:ff
[    3.842370] e1000 0000:00:03.0 eth0: Intel(R) PRO/1000 Network Connection
[    4.265774] e1000 0000:00:08.0 eth1: (PCI:33MHz:32-bit) 08:00:27:ab:e1:9d
[    4.267613] e1000 0000:00:08.0 eth1: Intel(R) PRO/1000 Network Connection
[    4.270398] e1000 0000:00:03.0 enp0s3: renamed from eth0
[    4.280454] e1000 0000:00:08.0 enp0s8: renamed from eth1
Begin: Loading essential drivers ... [    5.527593] md: linear personality registered for level -1
[    5.532931] md: multipath personality registered for level -4
[    5.538377] md: raid0 personality registered for level 0
[    5.544493] md: raid1 personality registered for level 1
[    5.616055] raid6: sse2x1   gen()  5950 MB/s
[    5.684426] raid6: sse2x1   xor()  4064 MB/s
[    5.752770] raid6: sse2x2   gen()  9521 MB/s
[    5.820245] raid6: sse2x2   xor()  6084 MB/s
[    5.888489] raid6: sse2x4   gen()  8478 MB/s
[    5.956030] raid6: sse2x4   xor()  3774 MB/s
[    5.957289] raid6: using algorithm sse2x2 gen() 9521 MB/s
[    5.958765] raid6: .... xor() 6084 MB/s, rmw enabled
[    5.960092] raid6: using ssse3x2 recovery algorithm
[    5.962729] xor: automatically using best checksumming function:
[    6.004694]    avx       :  4942.000 MB/sec
[    6.007292] async_tx: api initialized (async)
[    6.018002] md: raid6 personality registered for level 6
[    6.020753] md: raid5 personality registered for level 5
[    6.022228] md: raid4 personality registered for level 4
[    6.029628] md: raid10 personality registered for level 10
done.
Begin: Running /scripts/init-premount ... done.
Begin: Mounting root file system ... Begin: Running /scripts/local-top ... done.
Begin: Running /scripts/local-premount ... [    6.086291] Btrfs loaded
Scanning for Btrfs filesystems
done.
Warning: fsck no[    6.137735] EXT4-fs (sda1): mounted filesystem with ordered data mode. Opts: (null)
t present, so skipping root file system
done.
Begin: Running /scripts/local-bottom ... done.
Begin: Running /scripts/init-bottom ... done.
[    6.381402] systemd[1]: systemd 229 running in system mode. (+PAM +AUDIT +SELINUX +IMA +APPARMOR +SMACK +SYSVINIT +UTMP +LIBCRYPTSETUP +GCRYPT +GNUTLS +ACL +XZ -LZ4 +SECCOMP +BLKID +ELFUTILS +KMOD -IDN)
[    6.388405] systemd[1]: Detected virtualization oracle.
[    6.389877] systemd[1]: Detected architecture x86-64.

Welcome to [1mUbuntu 16.04.5 LTS[0m!

[    6.397568] systemd[1]: Set hostname to <ubuntu-xenial>.
[    6.655132] systemd[1]: Reached target Encrypted Volumes.
[[0;32m  OK  [0m] Reached target Encrypted Volumes.
[    6.658844] systemd[1]: Reached target System Time Synchronized.
[[0;32m  OK  [0m] Reached target System Time Synchronized.
[    6.662564] systemd[1]: Set up automount Arbitrary Executable File Formats File System Automount Point.
[[0;32m  OK  [0m] Set up automount Arbitrary Executab...ats File System Automount Point.
[    6.668057] systemd[1]: Listening on /dev/initctl Compatibility Named Pipe.
[[0;32m  OK  [0m] Listening on /dev/initctl Compatibility Named Pipe.
[    6.672000] systemd[1]: Listening on Journal Audit Socket.
[[0;32m  OK  [0m] Listening on Journal Audit Socket.
[    6.675448] systemd[1]: Listening on Journal Socket (/dev/log).
[[0;32m  OK  [0m] Listening on Journal Socket (/dev/log).
[    6.679280] systemd[1]: Created slice System Slice.
[[0;32m  OK  [0m] Created slice System Slice.
[    6.682823] systemd[1]: Started Forward Password Requests to Wall Directory Watch.
[[0;32m  OK  [0m] Started Forward Password Requests to Wall Directory Watch.
[    6.692918] systemd[1]: Created slice User and Session Slice.
[[0;32m  OK  [0m] Created slice User and Session Slice.
[    6.696233] systemd[1]: Listening on Syslog Socket.
[[0;32m  OK  [0m] Listening on Syslog Socket.
[    6.699814] systemd[1]: Listening on LVM2 metadata daemon socket.
[[0;32m  OK  [0m] Listening on LVM2 metadata daemon socket.
[    6.703687] systemd[1]: Listening on LVM2 poll daemon socket.
[[0;32m  OK  [0m] Listening on LVM2 poll daemon socket.
[    6.707301] systemd[1]: Listening on Journal Socket.
[[0;32m  OK  [0m] Listening on Journal Socket.
[    6.724531] systemd[1]: Mounting Debug File System...
         Mounting Debug File System...
[    6.729923] systemd[1]: Starting Nameserver information manager...
         Starting Nameserver information manager...
[    6.737782] systemd[1]: Mounting POSIX Message Queue File System...
         Mounting POSIX Message Queue File System...
[    6.746618] systemd[1]: Starting Load Kernel Modules...
         Starting Load Kernel Modules...
[    6.752717] systemd[1]: Starting Set console keymap...
         Starting Set console keymap...
[    6.758719] systemd[1]: Mounting Huge Pages File System...
         Mounting Huge Pages File System...
[    6.769865] systemd[1]: Starting Journal Service...
[    6.774236] Loading iSCSI transport class v2.0-870.
         Starting Journal Service...
[    6.793562] iscsi: registered transport (tcp)
[    6.808581] systemd[1]: Starting Remount Root and Kernel File Systems...
         Starting Remount Root and Kernel File Systems...
[    6.836801] EXT4-fs (sda1): re-mounted. Opts: (null)
[    6.839691] systemd[1]: Starting Uncomplicated firewall...
         Starting Uncomplicated firewall...
[    6.885373] systemd[1]: Started Trigger resolvconf update for networkd DNS.
[[0;32m  OK  [0m] Started Trigger resolvconf update for networkd DNS.
[    6.890576] systemd[1]: Listening on udev Kernel Socket.
[[0;32m  OK  [0m] Listening on udev Kernel Socket.
[    6.894567] systemd[1]: Created slice system-serial\x2dgetty.slice.
[[0;32m  OK  [0[    6.899837] iscsi: registered transport (iser)
m] Created slice system-serial\x2dgetty.slice.
[    6.907047] systemd[1]: Reached target User and Group Name Lookups.
[[0;32m  OK  [0m] Reached target User and Group Name Lookups.
[    6.910462] systemd[1]: Listening on udev Control Socket.
[[0;32m  OK  [0m] Listening on udev Control Socket.
[    6.913691] systemd[1]: Reached target Slices.
[[0;32m  OK  [0m] Reached target Slices.
[    6.916472] systemd[1]: Listening on Device-mapper event daemon FIFOs.
[[0;32m  OK  [0m] Listening on Device-mapper event daemon FIFOs.
[    6.936652] systemd[1]: Starting Monitoring of LVM2 mirrors, snapshots etc. using dmeventd or progress polling...
         Starting Monitoring of LVM2 mirrors... dmeventd or progress polling...
[    6.951048] systemd[1]: Starting Create list of required static device nodes for the current kernel...
         Starting Create list of required st... nodes for the current kernel...
[    6.968088] systemd[1]: Mounted Huge Pages File System.
[[0;32m  OK  [0m] Mounted Huge Pages File System.
[    6.972480] systemd[1]: Mounted POSIX Message Queue File System.
[[0;32m  OK  [0m] Mounted POSIX Message Queue File System.
[    6.982566] systemd[1]: Mounted Debug File System.
[[0;32m  OK  [0m] Mounted Debug File System.
[    6.987456] systemd[1]: Started Journal Service.
[[0;32m  OK  [0m] Started Journal Service.
[[0;32m  OK  [0m] Started Load Kernel Modules.
[[0;32m  OK  [0m] Started Set console keymap.
[[0;32m  OK  [0m] Started Remount Root and Kernel File Systems.
[[0;32m  OK  [0m] Started Uncomplicated firewall.
[[0;32m  OK  [0m] Started Create list of required sta...ce nodes for the current kernel.
[[0;32m  OK  [0m] Started Nameserver information manager.
[[0;32m  OK  [0m] Started LVM2 metadata daemon.
         Starting Create Static Device Nodes in /dev...
         Activating swap /swapfile...
         Starting Load/Save Random Seed...
         Starting udev Coldplug all Devices...
         Starting Apply Kernel Variables...
         Mounting FUSE Control File System...
         Starting Flush Journal to Persistent Storage...
[[0;32m  OK  [0m] Mounted FUSE Control File System.
[[0;32m  OK  [0m] Started Crea[    7.249350] ip_local_port_range: prefer different parity for start/end values.
te Static Device Nodes in /dev.
[[0;32m  OK  [0m] Started Load/Save Random Seed.
[[0;32m  OK  [0m] Started Apply Kernel Variables.
[[0;32m  OK  [0m] Activated swap /swapfile.
[[0;32m  OK  [0m] Started udev Coldplug all Devices.
[[0;32m  OK  [0m] Started Flush Journal to Persistent Storage.
[[0;32m  OK  [0m] Reached target Swap.
         Starting udev Kernel Device Manager...
[[0;32m  OK  [0m] Started udev Kernel Device Manager.
[[0;32m  OK  [0m] Started Dispatch Password Requests to Console Directory Watch.
[[0;32m  OK  [0m] Started Monitoring of LVM2 mirrors,...ng dmeventd or progress polling.
[[0;32m  OK  [0m] Reached target Local File Systems (Pre).
[[0;32m  OK  [0m] Reached target Local File Systems.
         Starting Create Volatile Files and Directories...
         Starting LSB: AppArmor initialization...
         Starting Tell Plymouth To Write Out Runtime Data...
         Starting netfilter persistent configuration...
         Starting Set console font and keymap...
         Starting Initial cloud-init job (pre-networking)...
[[0;32m  OK  [0m] Started Create Volatile Files and Directories.
[[0;32m  OK  [0m] Started Tell Plymouth To Write Out Runtime Data.
[[0;32m  OK  [0m] Found device /dev/ttyS0.
[[0;32m  OK  [0m] Listening on Load/Save RF Kill Switch Status /dev/rfkill Watch.
         Starting Update UTMP about System Boot/Shutdown...
[[0;32m  OK  [0m] Started LSB: AppArmor initialization.
[[0;32m  OK  [0m] Started netfilter persistent configuration.
[[0;32m  OK  [0m] Started Update UTMP about System Boot/Shutdown.
[[0;32m  OK  [0m] Found device 82540EM Gigabit Ethern...r (PRO/1000 MT Desktop Adapter).
[[0;32m  OK  [0m] Found device 82540EM Gigabit Ethern...r (PRO/1000 MT Desktop Adapter).
[[0;32m  OK  [0m] Started Set console font and keymap.
[[0;32m  OK  [0m] Created slice system-getty.slice.
[    9.795561] cloud-init[531]: Cloud-init v. 18.4-0ubuntu1~16.04.2 running 'init-local' at Tue, 15 Jan 2019 02:19:06 +0000. Up 9.39 seconds.
[[0;32m  OK  [0m] Started Initial cloud-init job (pre-networking).
[[0;32m  OK  [0m] Reached target Network (Pre).
[[0;32m  OK  [0m] Started ifup for enp0s8.
         Starting Raise network interfaces...
[[0;32m  OK  [0m] Started ifup for enp0s3.
[[0;32m  OK  [0m] Started Raise network interfaces.
[[0;32m  OK  [0m] Reached target Network.
         Starting Initial cloud-init job (metadata service crawler)...
[   11.122305] cloud-init[1050]: Cloud-init v. 18.4-0ubuntu1~16.04.2 running 'init' at Tue, 15 Jan 2019 02:19:07 +0000. Up 10.55 seconds.
[   11.126632] cloud-init[1050]: ci-info: ++++++++++++++++++++++++++++++++++++++Net device info+++++++++++++++++++++++++++++++++++++++
[   11.129445] cloud-init[1050]: ci-info: +--------+------+-----------------------------+---------------+--------+-------------------+
[   11.132531] cloud-init[1050]: ci-info: | Device |  Up  |           Address           |      Mask     | Scope  |     Hw-Address    |
[   11.136043] cloud-init[1050]: ci-info: +--------+------+-----------------------------+---------------+--------+-------------------+
[   11.139227] cloud-init[1050]: ci-info: | enp0s3 | True |          10.0.2.15          | 255.255.255.0 | global | 02:6c:72:8e:02:ff |
[   11.142196] cloud-init[1050]: ci-info: | enp0s3 | True |  fe80::6c:72ff:fe8e:2ff/64  |       .       |  link  | 02:6c:72:8e:02:ff |
[   11.145419] cloud-init[1050]: ci-info: | enp0s8 | True |        192.168.33.102       | 255.255.255.0 | global | 08:00:27:ab:e1:9d |
[   11.148437] cloud-init[1050]: ci-info: | enp0s8 | True | fe80::a00:27ff:feab:e19d/64 |       .       |  link  | 08:00:27:ab:e1:9d |
[   11.153744] cloud-init[1050]: ci-info: |   lo   | True |          127.0.0.1          |   255.0.0.0   |  host  |         .         |
[   11.156786] cloud-init[1050]: ci-info: |   lo   | True |           ::1/128           |       .       |  host  |         .         |
[   11.159830] cloud-init[1050]: ci-info: +--------+------+-----------------------------+---------------+--------+-------------------+
[   11.180350] cloud-init[1050]: ci-info: ++++++++++++++++++++++++++++Route IPv4 info++++++++++++++++++++++++++++
[   11.183481] cloud-init[1050]: ci-info: +-------+--------------+----------+---------------+-----------+-------+
[   11.193364] cloud-init[1050]: ci-info: | Route | Destination  | Gateway  |    Genmask    | Interface | Flags |
[   11.225340] cloud-init[1050]: ci-info: +-------+--------------+----------+---------------+-----------+-------+
[   11.228486] cloud-init[1050]: ci-info: |   0   |   0.0.0.0    | 10.0.2.2 |    0.0.0.0    |   enp0s3  |   UG  |
[   11.231117] cloud-init[1050]: ci-info: |   1   |   10.0.2.0   | 0.0.0.0  | 255.255.255.0 |   enp0s3  |   U   |
[   11.254698] cloud-init[1050]: ci-info: |   2   | 192.168.33.0 | 0.0.0.0  | 255.255.255.0 |   enp0s8  |   U   |
[   11.255032] cloud-init[1050]: ci-info: +-------+--------------+----------+---------------+-----------+-------+
[   11.255283] cloud-init[1050]: ci-info: +++++++++++++++++++Route IPv6 info+++++++++++++++++++
[   11.255731] cloud-init[1050]: ci-info: +-------+-------------+---------+-----------+-------+
[   11.255940] cloud-init[1050]: ci-info: | Route | Destination | Gateway | Interface | Flags |
[   11.256118] cloud-init[1050]: ci-info: +-------+-------------+---------+-----------+-------+
[   11.256320] cloud-init[1050]: ci-info: |   0   |  fe80::/64  |    ::   |   enp0s8  |   U   |
[   11.256755] cloud-init[1050]: ci-info: |   1   |  fe80::/64  |    ::   |   enp0s3  |   U   |
[   11.256950] cloud-init[1050]: ci-info: |   4   |   ff00::/8  |    ::   |   enp0s8  |   U   |
[   11.257148] cloud-init[1050]: ci-info: |   5   |   ff00::/8  |    ::   |   enp0s3  |   U   |
[   11.257369] cloud-init[1050]: ci-info: +-------+-------------+---------+-----------+-------+
[[0;32m  OK  [0m] Started Initial cloud-init job (metadata service crawler).
[[0;32m  OK  [0m] Reached target Network is Online.
         Starting iSCSI initiator daemon (iscsid)...
[[0;32m  OK  [0m] Reached target System Initialization.
[[0;32m  OK  [0m] Started Daily apt download activities.
[[0;32m  OK  [0m] Started ACPI Events Check.
[[0;32m  OK  [0m] Reached target Paths.
[[0;32m  OK  [0m] Listening on ACPID Listen Socket.
[[0;32m  OK  [0m] Listening on UUID daemon activation socket.
         Starting LXD - unix socket.
[[0;32m  OK  [0m] Started Daily Cleanup of Temporary Directories.
[[0;32m  OK  [0m] Started Daily apt upgrade and clean activities.
[[0;32m  OK  [0m] Reached target Timers.
         Starting Socket activation for snappy daemon.
[[0;32m  OK  [0m] Listening on D-Bus System Message Bus Socket.
[[0;32m  OK  [0m] Reached target Cloud-config availability.
[[0;32m  OK  [0m] Listening on LXD - unix socket.
[[0;32m  OK  [0m] Listening on Socket activation for snappy daemon.
[[0;32m  OK  [0m] Started iSCSI initiator daemon (iscsid).
         Starting Login to default iSCSI targets...
[[0;32m  OK  [0m] Reached target Sockets.
[[0;32m  OK  [0m] Reached target Basic System.
         Starting Accounts Service...
         Starting LSB: MD monitoring daemon...
[[0;32m  OK  [0m] Started Unattended Upgrades Shutdown.
         Starting LSB: memcached - Memory caching daemon...
         Starting LSB: Record successful boot for GRUB...
[[0;32m  OK  [0m] Started FUSE filesystem for LXC.
         Starting Virtualbox guest utils...
         Starting nginx - high performance web server...
         Starting Redis In-Memory Data Store...
         Starting System Logging Service...
[[0;32m  OK  [0m] Started Regular background program processing daemon.
         Starting Login Service...
[[0;32m  OK  [0m] Started ACPI event daemon.
[[0;32m  OK  [0m] Started D-Bus System Message Bus.
         Starting Pure-FTPd FTP server...
[[0;32m  OK  [0m] Started The PHP FastCGI Process Manager.
         Starting /etc/rc.local Compatibility...
         Starting Snappy daemon...
         Starting OpenBSD Secure Shell server...
[[0;32m  OK  [0m] Started Deferred execution scheduler.
         Starting LXD - container startup/shutdown...
[[0;32m  OK  [0m] Started System Logging Service.
[[0;32m  OK  [0m] Started LSB: memcached - Memory caching daemon.
[[0;1;31mFAILED[0m] Failed to start nginx - high performance web server.
See 'systemctl status nginx.service' for details.
[[0;32m  OK  [0m] Started Pure-FTPd FTP server.
[[0;32m  OK  [0m] Started /etc/rc.local Compatibility.
[[0;32m  OK  [0m] Started OpenBSD Secure Shell server.
[[0;32m  OK  [0m] Started LSB: MD monitoring daemon.
[[0;32m  OK  [0m] Started LSB: Record successful boot for GRUB.
[[0;32m  OK  [0m] Started Login to default iSCSI targets.
[[0;32m  OK  [0m] Started Redis In-Memory Data Store.
[[0;32m  OK  [0m] Started Login Service.
         Starting Authenticate and Authorize Users to Run Privileged Tasks...
[[0;32m  OK  [0m] Reached target Remote File Systems (Pre).
[[0;32m  OK  [0m] Reached target Remote File Systems.
         Starting LSB: start and stop MySQL...
         Starting LSB: Set the CPU Frequency Scaling governor to "ondemand"...
         Starting LSB: daemon to balance interrupts for SMP systems...
         Starting LSB: automatic crash report generation...
         Starting Permit User Sessions...
[[0;32m  OK  [0m] Started Virtualbox guest utils.
[[0;32m  OK  [0m] Started LXD - container startup/shutdown.
[[0;32m  OK  [0m] Started Permit User Sessions.
[[0;32m  OK  [0m] Started Snappy daemon.
[[0;32m  OK  [0m] Started Authenticate and Authorize Users to Run Privileged Tasks.
[[0;32m  OK  [0m] Started Accounts Service.
         Starting Wait until snapd is fully seeded...
         Starting Terminate Plymouth Boot Screen...
         Starting Hold until boot process finishes up...
[[0;32m  OK  [0m] Started LSB: Set the CPU Frequency Scaling governor to "ondemand".
[[0;32m  OK  [0m] Started LSB: daemon to balance interrupts for SMP systems.
[[0;32m  OK  [0m] Started Wait until snapd is fully seeded.
[[0;32m  OK  [0m] Started Terminate Plymouth Boot Screen.
[[0;32m  OK  [0m] Started Hold until boot process finishes up.
[[0;32m  OK  [0m] Started LSB: automatic crash report generation.
[[0;32m  OK  [0m] Created slice User Slice of vagrant.
         Starting User Manager for UID 1000...
[[0;32m  OK  [0m] Started Session 1 of user vagrant.
[[0;32m  OK  [0m] Started Getty on tty1.
[[0;32m  OK  [0m] Started Serial Getty on ttyS0.
[[0;32m  OK  [0m] Reached target Login Prompts.
         Starting Set console scheme...
         Starting Apply the settings specified in cloud-config...
[[0;32m  OK  [0m] Started User Manager for UID 1000.
[[0;32m  OK  [0m] Started Set console scheme.
[   14.794111] cloud-init[1447]: Cloud-init v. 18.4-0ubuntu1~16.04.2 running 'modules:config' at Tue, 15 Jan 2019 02:19:11 +0000. Up 14.55 seconds.
[[0;32m  OK  [0m] Started Apply the settings specified in cloud-config.
[[0;32m  OK  [0m] Started LSB: start and stop MySQL.
[[0;32m  OK  [0m] Reached target Multi-User System.
         Starting Execute cloud user/final scripts...
[[0;32m  OK  [0m] Reached target Graphical Interface.
         Starting Update UTMP about System Runlevel Changes...
[[0;32m  OK  [0m] Started Update UTMP about System Runlevel Changes.
[   17.290603] cloud-init[2522]: Cloud-init v. 18.4-0ubuntu1~16.04.2 running 'modules:final' at Tue, 15 Jan 2019 02:19:14 +0000. Up 17.14 seconds.
[   17.305900] cloud-init[2522]: Cloud-init v. 18.4-0ubuntu1~16.04.2 finished at Tue, 15 Jan 2019 02:19:14 +0000. Datasource DataSourceNoCloud [seed=/dev/sdb][dsmode=net].  Up 17.28 seconds
[[0;32m  OK  [0m] Started Execute cloud user/final scripts.
[[0;32m  OK  [0m] Reached target Cloud-init target.

Ubuntu 16.04.5 LTS ubuntu-xenial ttyS0

ubuntu-xenial login: [[0;32m  OK  [0m] Stopped target Graphical Interface.
[[0;32m  OK  [0m] Stopped target Cloud-init target.
         Stopping User Manager for UID 1000...
         Stopping ACPI event daemon...
[[0;32m  OK  [0m] Stopped Execute cloud user/final scripts.
[[0;32m  OK  [0m] Stopped Apply the settings specified in cloud-config.
[[0;32m  OK  [0m] Stopped target Cloud-config availability.
[[0;32m  OK  [0m] Stopped target Timers.
[[0;32m  OK  [0m] Closed Load/Save RF Kill Switch Status /dev/rfkill Watch.
[[0;32m  OK  [0m] Stopped target Multi-User System.
[[0;32m  OK  [0m] Stopped Wait until snapd is fully seeded.
         Stopping           Stopping Serial Getty on ttyS0...
         Stopping Getty on tty1...
         Stopping LSB: MD monitoring daemon...
[[0;32m  OK  [0m] Stopped Daily apt download activities.
[[0;32m  OK  [0m] Stopped target System Time Synchronized.
         Stopping System Logging Service...
         Stopping Virtualbox guest utils...
[[0;32m  OK  [0m] Stopped Daily Cleanup of Temporary Directories.
         Stopping Accounts Service...
         Stopping Session 9 of user vagrant.
         Stopping D-Bus System Message Bus...
[[0;32m  OK  [0m] Unmounted /var/lib/lxcfs.
[[0;32m  OK  [0m] Stopped Accounts Service.
[[0;32m  OK  [0m] Stopped System Logging Service.
[[0;32m  OK  [0m] Stopped Regular background program processing daemon.
[[0;32m  OK  [0m] Stopped ACPI event daemon.
[[0;32m  OK  [0m] Stopped The PHP FastCGI Process Manager.
[[0;32m  OK  [0m] Stopped Snappy daemon.
[[0;32m  OK  [0m] Stopped Pure-FTPd FTP server.
[[0;32m  OK  [0m] Stopped Deferred execution scheduler.
[[0;32m  OK  [0m] Stopped OpenBSD Secure Shell server.
[[0;32m  OK  [0m] Stopped Authenticate and Authorize Users to Run Privileged Tasks.
[[0;32m  OK  [0m] Stopped Getty on tty1.
[[0;32m  OK  [0m] Stopped Serial Getty on ttyS0.
[[0;32m  OK  [0m] Stopped User Manager for UID 1000.
[[0;32m  OK  [0m] Stopped Unattended Upgrades Shutdown.
[[0;32m  OK  [0m] Stopped Redis In-Memory Data Store.
[[0;32m  OK  [0m] Stopped LSB: memcached - Memory caching daemon.
[[0;32m  OK  [0m] Stopped Session 9 of user vagrant.
[[0;32m  OK  [0m] Stopped D-Bus System Message Bus.
[[0;32m  OK  [0m] Stopped FUSE filesystem for LXC.
[[0;32m  OK  [0m] Stopped LXD - container startup/shutdown.
[[0;32m  OK  [0m] Stopped LSB: Set the CPU Frequency Scaling governor to "ondemand".
[[0;32m  OK  [0m] Stopped LSB: daemon to balance interrupts for SMP systems.
[[0;32m  OK  [0m] Stopped LSB: Record successful boot for GRUB.
[[0;32m  OK  [0m] Stopped LSB: automatic crash report generation.
[[0;32m  OK  [0m] Stopped LSB: MD monitoring daemon.
[[0;32m  OK  [0m] Stopped Virtualbox guest utils.
[[0;32m  OK  [0m] Removed slice User Slice of vagrant.
         Stopping Login Service...
[[0;32m  OK  [0m] Removed slice system-serial\x2dgetty.slice.
         Stopping Permit User Sessions...
[[0;32m  OK  [0m] Removed slice system-getty.slice.
[[0;32m  OK  [0m] Stopped /etc/rc.local Compatibility.
[[0;32m  OK  [0m] Stopped Permit User Sessions.
[[0;32m  OK  [0m] Stopped Login Service.
[[0;32m  OK  [0m] Stopped target User and Group Name Lookups.
[[0;32m  OK  [0m] Stopped LSB: start and stop MySQL.
[[0;32m  OK  [0m] Stopped target Basic System.
[[0;32m  OK  [0m] Stopped target Slices.
[[0;32m  OK  [0m] Removed slice User and Session Slice.
[[0;32m  OK  [0m] Stopped target Paths.
[[0;32m  OK  [0m] Stopped ACPI Events Check.
[[0;32m  OK  [0m] Stopped Dispatch Password Requests to Console Directory Watch.
[[0;32m  OK  [0m] Stopped Forward Password Requests to Wall Directory Watch.
[[0;32m  OK  [0m] Stopped target Sockets.
[[0;32m  OK  [0m] Closed Syslog Socket.
[[0;32m  OK  [0m] Closed D-Bus System Message Bus Socket.
[[0;32m  OK  [0m] Closed ACPID Listen Socket.
[[0;32m  OK  [0m] Closed LXD - unix socket.
[[0;32m  OK  [0m] Closed UUID daemon activation socket.
[[0;32m  OK  [0m] Closed Socket activation for snappy daemon.
[[0;32m  OK  [0m] Stopped target System Initialization.
[[0;32m  OK  [0m] Stopped target Swap.
         Deactivating swap /swapfile...
[[0;32m  OK  [0m] Stopped target Encrypted Volumes.
         Stopping Load/Save Random Seed...
         Stopping Update UTMP about System Boot/Shutdown...
[[0;32m  OK  [0m] Stopped target Remote File Systems.
[[0;32m  OK  [0m] Stopped target Remote File Systems (Pre).
         Stopping Login to default iSCSI targets...
[[0;32m  OK  [0m] Deactivated swap /swapfile.
[[0;32m  OK  [0m] Stopped Load/Save Random Seed.
[[0;32m  OK  [0m] Stopped Update UTMP about System Boot/Shutdown.
[[0;32m  OK  [0m] Stopped Login to default iSCSI targets.
         Stopping iSCSI initiator daemon (iscsid)...
[[0;32m  OK  [0m] Stopped Create Volatile Files and Directories.
[[0;32m  OK  [0m] Stopped iSCSI initiator daemon (iscsid).
[[0;32m  OK  [0m] Stopped target Network is Online.
[[0;32m  OK  [0m] Stopped Initial cloud-init job (metadata service crawler).
[[0;32m  OK  [0m] Stopped target Network.
         Stopping Raise network interfaces...
[[0;32m  OK  [0m] Stopped Raise network interfaces.
[[0;32m  OK  [0m] Stopped target Network (Pre).
[[0;32m  OK  [0m] Stopped Initial cloud-init job (pre-networking).
[[0;32m  OK  [0m] Stopped Apply Kernel Variables.
[[0;32m  OK  [0m] Stopped Load Kernel Modules.
[[0;32m  OK  [0m] Stopped target Local File Systems.
         Unmounting /data/wwwroot/default...
         Unmounting /run/user/1000...
         Unmounting /vagrant...
[[0;32m  OK  [0m] Unmounted /data/wwwroot/default.
[[0;32m  OK  [0m] Unmounted /run/user/1000.
[[0;32m  OK  [0m] Unmounted /vagrant.
[[0;32m  OK  [0m] Reached target Unmount All Filesystems.
[[0;32m  OK  [0m] Stopped target Local File Systems (Pre).
[[0;32m  OK  [0m] Stopped Remount Root and Kernel File Systems.
[[0;32m  OK  [0m] Stopped Create Static Device Nodes in /dev.
[[0;32m  OK  [0m] Reached target Shutdown.
[ 3429.473134] reboot: Power down
